0.00, 4652552
0.00, 4504864
0.00, 4492754
0.00, 4491686
0.00, 4321398
0.00, 4273569
0.00, 4189202
0.00, 4164364
0.01, 4137176
0.01, 4114242
0.02, 4081047
0.02, 4047916
0.02, 4043811
0.02, 3938419
0.02, 3935805
0.02, 3873742
0.02, 3858789
0.03, 3802010
0.03, 3791342
0.03, 3776589
0.03, 3772146
0.04, 3771310
0.04, 3717359
0.04, 3661431
0.04, 3559579
0.04, 3502541
0.04, 3450698
0.04, 3410376
0.05, 3273752
0.05, 3238719
0.05, 3091962
0.05, 2965613
0.05, 2961027
0.05, 2933328
0.06, 2868151
0.06, 2781828
0.08, 2765428
0.28, 2589792
0.28, 2565200
0.28, 2559414
0.37, 2551408
2.79, 2544238
2.79, 2529833
